app/build/intermediates/manifest_merge_blame_file/release/manifest-merger-blame-release-report.txt
1<?xml version="1.0" encoding="utf-8"?>
2<!--
3  ~ Copyright (C) 2018 Google Inc.
4  ~
5  ~ Licensed under the Apache License, Version 2.0 (the "License");
6  ~ you may not use this file except in compliance with the License.
7  ~ You may obtain a copy of the License at
8  ~
9  ~     http://www.apache.org/licenses/LICENSE-2.0
10  ~
11  ~ Unless required by applicable law or agreed to in writing, software
12  ~ distributed under the License is distributed on an "AS IS" BASIS,
13  ~ WITHOUT WARRANTIES OR CONDITIONS OF ANY KIND, either express or implied.
14  ~ See the License for the specific language governing permissions and
15  ~ limitations under the License.
16-->
17<manifest xmlns:android="http://schemas.android.com/apk/res/android"
18    package="com.example.android.droidcafe"
19    android:versionCode="1"
20    android:versionName="1.0" >
21
22    <uses-sdk
23        android:minSdkVersion="15"
23-->src\main\AndroidManifest.xml
24        android:targetSdkVersion="26" />
24-->src\main\AndroidManifest.xml
25
26    <application
26-->src\main\AndroidManifest.xml:21:5-39:19
27        android:allowBackup="true"
27-->src\main\AndroidManifest.xml:22:9-35
28        android:icon="@mipmap/ic_launcher"
28-->src\main\AndroidManifest.xml:23:9-43
29        android:label="@string/app_name"
29-->src\main\AndroidManifest.xml:24:9-41
30        android:roundIcon="@mipmap/ic_launcher_round"
30-->src\main\AndroidManifest.xml:25:9-54
31        android:supportsRtl="true"
31-->src\main\AndroidManifest.xml:26:9-35
32        android:theme="@style/AppTheme" >
32-->src\main\AndroidManifest.xml:27:9-40
33        <activity
33-->src\main\AndroidManifest.xml:28:9-37:20
34            android:name="com.example.android.droidcafe.MainActivity"
34-->src\main\AndroidManifest.xml:29:13-41
35            android:label="@string/app_name"
35-->src\main\AndroidManifest.xml:30:13-45
36            android:theme="@style/AppTheme.NoActionBar" >
36-->src\main\AndroidManifest.xml:31:13-56
37            <intent-filter>
37-->src\main\AndroidManifest.xml:32:13-36:29
38                <action android:name="android.intent.action.MAIN" />
38-->src\main\AndroidManifest.xml:33:17-69
38-->src\main\AndroidManifest.xml:33:25-66
39
40                <category android:name="android.intent.category.LAUNCHER" />
40-->src\main\AndroidManifest.xml:35:17-77
40-->src\main\AndroidManifest.xml:35:27-74
41            </intent-filter>
42        </activity>
43        <activity android:name="com.example.android.droidcafe.OrderActivity" />
43-->src\main\AndroidManifest.xml:38:9-60
43-->src\main\AndroidManifest.xml:38:19-48
44
45        <meta-data
45-->[com.android.support:design:26.1.0] AndroidManifest.xml:26:9-28:38
46            android:name="android.support.VERSION"
46-->[com.android.support:design:26.1.0] AndroidManifest.xml:27:13-51
47            android:value="26.1.0" />
47-->[com.android.support:design:26.1.0] AndroidManifest.xml:28:13-35
48        <meta-data
48-->[android.arch.lifecycle:runtime:1.0.0] AndroidManifest.xml:25:9-27:47
49            android:name="android.arch.lifecycle.VERSION"
49-->[android.arch.lifecycle:runtime:1.0.0] AndroidManifest.xml:26:13-58
50            android:value="27.0.0-SNAPSHOT" />
50-->[android.arch.lifecycle:runtime:1.0.0] AndroidManifest.xml:27:13-44
51    </application>
52
53</manifest>